<?xml version="1.0" encoding="UTF-8"?>
<testsuite xmlns:xsi="http://www.w3.org/2001/XMLSchema-instance" xsi:noNamespaceSchemaLocation="https://maven.apache.org/surefire/maven-surefire-plugin/xsd/surefire-test-report-3.0.xsd" version="3.0" name="at.ac.htl.leonding.GreetingResourceTest" time="10.498" tests="1" errors="1" skipped="0" failures="0">
  <properties>
    <property name="java.specification.version" value="17"/>
    <property name="sun.jnu.encoding" value="UTF-8"/>
    <property name="java.class.path" value="/home/marcel/Documents/musictech/server/target/test-classes:/home/marcel/Documents/musictech/server/target/classes:/home/marcel/.m2/repository/io/quarkus/quarkus-hibernate-orm-panache/2.7.2.Final/quarkus-hibernate-orm-panache-2.7.2.Final.jar:/home/marcel/.m2/repository/io/quarkus/quarkus-hibernate-orm/2.7.2.Final/quarkus-hibernate-orm-2.7.2.Final.jar:/home/marcel/.m2/repository/io/quarkus/quarkus-agroal/2.7.2.Final/quarkus-agroal-2.7.2.Final.jar:/home/marcel/.m2/repository/io/quarkus/quarkus-datasource/2.7.2.Final/quarkus-datasource-2.7.2.Final.jar:/home/marcel/.m2/repository/io/quarkus/quarkus-datasource-common/2.7.2.Final/quarkus-datasource-common-2.7.2.Final.jar:/home/marcel/.m2/repository/org/jboss/narayana/jta/narayana-jta/5.12.4.Final/narayana-jta-5.12.4.Final.jar:/home/marcel/.m2/repository/org/jboss/jboss-transaction-spi/7.6.0.Final/jboss-transaction-spi-7.6.0.Final.jar:/home/marcel/.m2/repository/org/jboss/spec/javax/resource/jboss-connector-api_1.7_spec/1.0.0.Final/jboss-connector-api_1.7_spec-1.0.0.Final.jar:/home/marcel/.m2/repository/org/jboss/narayana/jts/narayana-jts-integration/5.12.4.Final/narayana-jts-integration-5.12.4.Final.jar:/home/marcel/.m2/repository/io/agroal/agroal-api/1.14/agroal-api-1.14.jar:/home/marcel/.m2/repository/io/agroal/agroal-narayana/1.14/agroal-narayana-1.14.jar:/home/marcel/.m2/repository/io/agroal/agroal-pool/1.14/agroal-pool-1.14.jar:/home/marcel/.m2/repository/io/quarkus/quarkus-credentials/2.7.2.Final/quarkus-credentials-2.7.2.Final.jar:/home/marcel/.m2/repository/io/quarkus/quarkus-narayana-jta/2.7.2.Final/quarkus-narayana-jta-2.7.2.Final.jar:/home/marcel/.m2/repository/io/smallrye/smallrye-context-propagation-jta/1.2.2/smallrye-context-propagation-jta-1.2.2.jar:/home/marcel/.m2/repository/io/smallrye/reactive/smallrye-reactive-converter-api/2.6.0/smallrye-reactive-converter-api-2.6.0.jar:/home/marcel/.m2/repository/io/smallrye/reactive/smallrye-reactive-converter-mutiny/2.6.0/smallrye-reactive-converter-mutiny-2.6.0.jar:/home/marcel/.m2/repository/org/hibernate/hibernate-core/5.6.5.Final/hibernate-core-5.6.5.Final.jar:/home/marcel/.m2/repository/net/bytebuddy/byte-buddy/1.12.7/byte-buddy-1.12.7.jar:/home/marcel/.m2/repository/antlr/antlr/2.7.7/antlr-2.7.7.jar:/home/marcel/.m2/repository/com/fasterxml/classmate/1.5.1/classmate-1.5.1.jar:/home/marcel/.m2/repository/org/hibernate/common/hibernate-commons-annotations/5.1.2.Final/hibernate-commons-annotations-5.1.2.Final.jar:/home/marcel/.m2/repository/org/hibernate/hibernate-graalvm/5.6.5.Final/hibernate-graalvm-5.6.5.Final.jar:/home/marcel/.m2/repository/org/glassfish/jaxb/jaxb-runtime/2.3.3-b02/jaxb-runtime-2.3.3-b02.jar:/home/marcel/.m2/repository/org/glassfish/jaxb/txw2/2.3.3-b02/txw2-2.3.3-b02.jar:/home/marcel/.m2/repository/com/sun/istack/istack-commons-runtime/3.0.10/istack-commons-runtime-3.0.10.jar:/home/marcel/.m2/repository/com/sun/activation/jakarta.activation/1.2.1/jakarta.activation-1.2.1.jar:/home/marcel/.m2/repository/org/jboss/spec/javax/xml/bind/jboss-jaxb-api_2.3_spec/2.0.0.Final/jboss-jaxb-api_2.3_spec-2.0.0.Final.jar:/home/marcel/.m2/repository/jakarta/persistence/jakarta.persistence-api/2.2.3/jakarta.persistence-api-2.2.3.jar:/home/marcel/.m2/repository/jakarta/transaction/jakarta.transaction-api/1.3.3/jakarta.transaction-api-1.3.3.jar:/home/marcel/.m2/repository/org/hibernate/quarkus-local-cache/0.1.0/quarkus-local-cache-0.1.0.jar:/home/marcel/.m2/repository/io/quarkus/quarkus-hibernate-orm-panache-common/2.7.2.Final/quarkus-hibernate-orm-panache-common-2.7.2.Final.jar:/home/marcel/.m2/repository/io/quarkus/quarkus-panache-hibernate-common/2.7.2.Final/quarkus-panache-hibernate-common-2.7.2.Final.jar:/home/marcel/.m2/repository/io/quarkus/quarkus-panache-common/2.7.2.Final/quarkus-panache-common-2.7.2.Final.jar:/home/marcel/.m2/repository/io/quarkus/quarkus-resteasy-multipart/2.7.2.Final/quarkus-resteasy-multipart-2.7.2.Final.jar:/home/marcel/.m2/repository/org/jboss/resteasy/resteasy-multipart-provider/4.7.5.Final/resteasy-multipart-provider-4.7.5.Final.jar:/home/marcel/.m2/repository/org/jboss/resteasy/resteasy-core-spi/4.7.5.Final/resteasy-core-spi-4.7.5.Final.jar:/home/marcel/.m2/repository/org/jboss/spec/javax/ws/rs/jboss-jaxrs-api_2.1_spec/2.0.1.Final/jboss-jaxrs-api_2.1_spec-2.0.1.Final.jar:/home/marcel/.m2/repository/org/reactivestreams/reactive-streams/1.0.3/reactive-streams-1.0.3.jar:/home/marcel/.m2/repository/org/jboss/resteasy/resteasy-core/4.7.5.Final/resteasy-core-4.7.5.Final.jar:/home/marcel/.m2/repository/com/ibm/async/asyncutil/0.1.0/asyncutil-0.1.0.jar:/home/marcel/.m2/repository/org/jboss/resteasy/resteasy-jaxb-provider/4.7.5.Final/resteasy-jaxb-provider-4.7.5.Final.jar:/home/marcel/.m2/repository/com/sun/mail/jakarta.mail/1.6.5/jakarta.mail-1.6.5.jar:/home/marcel/.m2/repository/org/apache/james/apache-mime4j-dom/0.8.3/apache-mime4j-dom-0.8.3.jar:/home/marcel/.m2/repository/org/apache/james/apache-mime4j-core/0.8.3/apache-mime4j-core-0.8.3.jar:/home/marcel/.m2/repository/org/apache/james/apache-mime4j-storage/0.8.3/apache-mime4j-storage-0.8.3.jar:/home/marcel/.m2/repository/org/jboss/logging/jboss-logging/3.4.3.Final/jboss-logging-3.4.3.Final.jar:/home/marcel/.m2/repository/org/jboss/logging/commons-logging-jboss-logging/1.0.0.Final/commons-logging-jboss-logging-1.0.0.Final.jar:/home/marcel/.m2/repository/io/quarkus/quarkus-smallrye-openapi/2.7.2.Final/quarkus-smallrye-openapi-2.7.2.Final.jar:/home/marcel/.m2/repository/io/smallrye/smallrye-open-api-core/2.1.17/smallrye-open-api-core-2.1.17.jar:/home/marcel/.m2/repository/org/eclipse/microprofile/openapi/microprofile-openapi-api/2.0.1-RC1/microprofile-openapi-api-2.0.1-RC1.jar:/home/marcel/.m2/repository/org/eclipse/microprofile/config/microprofile-config-api/2.0/microprofile-config-api-2.0.jar:/home/marcel/.m2/repository/com/fasterxml/jackson/core/jackson-core/2.13.1/jackson-core-2.13.1.jar:/home/marcel/.m2/repository/com/fasterxml/jackson/core/jackson-databind/2.13.1/jackson-databind-2.13.1.jar:/home/marcel/.m2/repository/com/fasterxml/jackson/core/jackson-annotations/2.13.1/jackson-annotations-2.13.1.jar:/home/marcel/.m2/repository/com/fasterxml/jackson/dataformat/jackson-dataformat-yaml/2.13.1/jackson-dataformat-yaml-2.13.1.jar:/home/marcel/.m2/repository/org/yaml/snakeyaml/1.30/snakeyaml-1.30.jar:/home/marcel/.m2/repository/org/jboss/jandex/2.4.2.Final/jandex-2.4.2.Final.jar:/home/marcel/.m2/repository/io/quarkus/quarkus-core/2.7.2.Final/quarkus-core-2.7.2.Final.jar:/home/marcel/.m2/repository/jakarta/annotation/jakarta.annotation-api/1.3.5/jakarta.annotation-api-1.3.5.jar:/home/marcel/.m2/repository/jakarta/enterprise/jakarta.enterprise.cdi-api/2.0.2/jakarta.enterprise.cdi-api-2.0.2.jar:/home/marcel/.m2/repository/jakarta/el/jakarta.el-api/3.0.3/jakarta.el-api-3.0.3.jar:/home/marcel/.m2/repository/jakarta/interceptor/jakarta.interceptor-api/1.2.5/jakarta.interceptor-api-1.2.5.jar:/home/marcel/.m2/repository/jakarta/inject/jakarta.inject-api/1.0/jakarta.inject-api-1.0.jar:/home/marcel/.m2/repository/io/quarkus/quarkus-ide-launcher/2.7.2.Final/quarkus-ide-launcher-2.7.2.Final.jar:/home/marcel/.m2/repository/io/quarkus/quarkus-development-mode-spi/2.7.2.Final/quarkus-development-mode-spi-2.7.2.Final.jar:/home/marcel/.m2/repository/io/smallrye/config/smallrye-config/2.9.0/smallrye-config-2.9.0.jar:/home/marcel/.m2/repository/io/smallrye/config/smallrye-config-core/2.9.0/smallrye-config-core-2.9.0.jar:/home/marcel/.m2/repository/io/smallrye/common/smallrye-common-expression/1.10.0/smallrye-common-expression-1.10.0.jar:/home/marcel/.m2/repository/io/smallrye/common/smallrye-common-function/1.10.0/smallrye-common-function-1.10.0.jar:/home/marcel/.m2/repository/io/smallrye/common/smallrye-common-classloader/1.10.0/smallrye-common-classloader-1.10.0.jar:/home/marcel/.m2/repository/io/smallrye/config/smallrye-config-common/2.9.0/smallrye-config-common-2.9.0.jar:/home/marcel/.m2/repository/org/jboss/logmanager/jboss-logmanager-embedded/1.0.9/jboss-logmanager-embedded-1.0.9.jar:/home/marcel/.m2/repository/org/jboss/logging/jboss-logging-annotations/2.2.1.Final/jboss-logging-annotations-2.2.1.Final.jar:/home/marcel/.m2/repository/org/jboss/threads/jboss-threads/3.4.2.Final/jboss-threads-3.4.2.Final.jar:/home/marcel/.m2/repository/org/slf4j/slf4j-api/1.7.33/slf4j-api-1.7.33.jar:/home/marcel/.m2/repository/org/jboss/slf4j/slf4j-jboss-logmanager/1.1.0.Final/slf4j-jboss-logmanager-1.1.0.Final.jar:/home/marcel/.m2/repository/org/graalvm/sdk/graal-sdk/21.3.1/graal-sdk-21.3.1.jar:/home/marcel/.m2/repository/org/wildfly/common/wildfly-common/1.5.4.Final-format-001/wildfly-common-1.5.4.Final-format-001.jar:/home/marcel/.m2/repository/io/quarkus/quarkus-bootstrap-runner/2.7.2.Final/quarkus-bootstrap-runner-2.7.2.Final.jar:/home/marcel/.m2/repository/io/quarkus/quarkus-fs-util/0.0.9/quarkus-fs-util-0.0.9.jar:/home/marcel/.m2/repository/io/quarkus/quarkus-vertx-http/2.7.2.Final/quarkus-vertx-http-2.7.2.Final.jar:/home/marcel/.m2/repository/io/quarkus/quarkus-security-runtime-spi/2.7.2.Final/quarkus-security-runtime-spi-2.7.2.Final.jar:/home/marcel/.m2/repository/io/quarkus/quarkus-mutiny/2.7.2.Final/quarkus-mutiny-2.7.2.Final.jar:/home/marcel/.m2/repository/io/smallrye/reactive/mutiny/1.3.1/mutiny-1.3.1.jar:/home/marcel/.m2/repository/io/quarkus/quarkus-smallrye-context-propagation/2.7.2.Final/quarkus-smallrye-context-propagation-2.7.2.Final.jar:/home/marcel/.m2/repository/io/smallrye/smallrye-context-propagation/1.2.2/smallrye-context-propagation-1.2.2.jar:/home/marcel/.m2/repository/io/smallrye/smallrye-context-propagation-api/1.2.2/smallrye-context-propagation-api-1.2.2.jar:/home/marcel/.m2/repository/io/smallrye/smallrye-context-propagation-storage/1.2.2/smallrye-context-propagation-storage-1.2.2.jar:/home/marcel/.m2/repository/io/smallrye/reactive/mutiny-smallrye-context-propagation/1.3.1/mutiny-smallrye-context-propagation-1.3.1.jar:/home/marcel/.m2/repository/io/smallrye/common/smallrye-common-vertx-context/1.10.0/smallrye-common-vertx-context-1.10.0.jar:/home/marcel/.m2/repository/io/vertx/vertx-core/4.2.4/vertx-core-4.2.4.jar:/home/marcel/.m2/repository/io/netty/netty-common/4.1.74.Final/netty-common-4.1.74.Final.jar:/home/marcel/.m2/repository/io/netty/netty-buffer/4.1.74.Final/netty-buffer-4.1.74.Final.jar:/home/marcel/.m2/repository/io/netty/netty-transport/4.1.74.Final/netty-transport-4.1.74.Final.jar:/home/marcel/.m2/repository/io/netty/netty-handler/4.1.74.Final/netty-handler-4.1.74.Final.jar:/home/marcel/.m2/repository/io/netty/netty-tcnative-classes/2.0.48.Final/netty-tcnative-classes-2.0.48.Final.jar:/home/marcel/.m2/repository/io/netty/netty-handler-proxy/4.1.74.Final/netty-handler-proxy-4.1.74.Final.jar:/home/marcel/.m2/repository/io/netty/netty-codec-socks/4.1.74.Final/netty-codec-socks-4.1.74.Final.jar:/home/marcel/.m2/repository/io/netty/netty-codec-http/4.1.74.Final/netty-codec-http-4.1.74.Final.jar:/home/marcel/.m2/repository/io/netty/netty-codec-http2/4.1.74.Final/netty-codec-http2-4.1.74.Final.jar:/home/marcel/.m2/repository/io/netty/netty-resolver/4.1.74.Final/netty-resolver-4.1.74.Final.jar:/home/marcel/.m2/repository/io/netty/netty-resolver-dns/4.1.74.Final/netty-resolver-dns-4.1.74.Final.jar:/home/marcel/.m2/repository/io/netty/netty-codec-dns/4.1.74.Final/netty-codec-dns-4.1.74.Final.jar:/home/marcel/.m2/repository/io/smallrye/common/smallrye-common-constraint/1.10.0/smallrye-common-constraint-1.10.0.jar:/home/marcel/.m2/repository/io/quarkus/quarkus-vertx-http-dev-console-runtime-spi/2.7.2.Final/quarkus-vertx-http-dev-console-runtime-spi-2.7.2.Final.jar:/home/marcel/.m2/repository/io/quarkus/security/quarkus-security/1.1.4.Final/quarkus-security-1.1.4.Final.jar:/home/marcel/.m2/repository/io/quarkus/quarkus-vertx/2.7.2.Final/quarkus-vertx-2.7.2.Final.jar:/home/marcel/.m2/repository/io/quarkus/quarkus-netty/2.7.2.Final/quarkus-netty-2.7.2.Final.jar:/home/marcel/.m2/repository/io/netty/netty-codec/4.1.74.Final/netty-codec-4.1.74.Final.jar:/home/marcel/.m2/repository/io/netty/netty-codec-haproxy/4.1.74.Final/netty-codec-haproxy-4.1.74.Final.jar:/home/marcel/.m2/repository/io/smallrye/common/smallrye-common-annotation/1.10.0/smallrye-common-annotation-1.10.0.jar:/home/marcel/.m2/repository/io/smallrye/reactive/smallrye-mutiny-vertx-core/2.18.1/smallrye-mutiny-vertx-core-2.18.1.jar:/home/marcel/.m2/repository/io/smallrye/reactive/smallrye-mutiny-vertx-runtime/2.18.1/smallrye-mutiny-vertx-runtime-2.18.1.jar:/home/marcel/.m2/repository/io/smallrye/reactive/vertx-mutiny-generator/2.18.1/vertx-mutiny-generator-2.18.1.jar:/home/marcel/.m2/repository/io/vertx/vertx-codegen/4.2.4/vertx-codegen-4.2.4.jar:/home/marcel/.m2/repository/io/smallrye/smallrye-fault-tolerance-vertx/5.2.1/smallrye-fault-tolerance-vertx-5.2.1.jar:/home/marcel/.m2/repository/io/smallrye/reactive/smallrye-mutiny-vertx-web/2.18.1/smallrye-mutiny-vertx-web-2.18.1.jar:/home/marcel/.m2/repository/io/smallrye/reactive/smallrye-mutiny-vertx-web-common/2.18.1/smallrye-mutiny-vertx-web-common-2.18.1.jar:/home/marcel/.m2/repository/io/smallrye/reactive/smallrye-mutiny-vertx-auth-common/2.18.1/smallrye-mutiny-vertx-auth-common-2.18.1.jar:/home/marcel/.m2/repository/io/smallrye/reactive/smallrye-mutiny-vertx-bridge-common/2.18.1/smallrye-mutiny-vertx-bridge-common-2.18.1.jar:/home/marcel/.m2/repository/io/vertx/vertx-web/4.2.4/vertx-web-4.2.4.jar:/home/marcel/.m2/repository/io/vertx/vertx-web-common/4.2.4/vertx-web-common-4.2.4.jar:/home/marcel/.m2/repository/io/vertx/vertx-auth-common/4.2.4/vertx-auth-common-4.2.4.jar:/home/marcel/.m2/repository/io/vertx/vertx-bridge-common/4.2.4/vertx-bridge-common-4.2.4.jar:/home/marcel/.m2/repository/io/quarkus/quarkus-swagger-ui/2.7.2.Final/quarkus-swagger-ui-2.7.2.Final.jar:/home/marcel/.m2/repository/io/quarkus/quarkus-kafka-client/2.7.2.Final/quarkus-kafka-client-2.7.2.Final.jar:/home/marcel/.m2/repository/io/quarkus/quarkus-jackson/2.7.2.Final/quarkus-jackson-2.7.2.Final.jar:/home/marcel/.m2/repository/com/fasterxml/jackson/datatype/jackson-datatype-jsr310/2.13.1/jackson-datatype-jsr310-2.13.1.jar:/home/marcel/.m2/repository/com/fasterxml/jackson/datatype/jackson-datatype-jdk8/2.13.1/jackson-datatype-jdk8-2.13.1.jar:/home/marcel/.m2/repository/com/fasterxml/jackson/module/jackson-module-parameter-names/2.13.1/jackson-module-parameter-names-2.13.1.jar:/home/marcel/.m2/repository/io/quarkus/quarkus-caffeine/2.7.2.Final/quarkus-caffeine-2.7.2.Final.jar:/home/marcel/.m2/repository/com/github/ben-manes/caffeine/caffeine/2.9.3/caffeine-2.9.3.jar:/home/marcel/.m2/repository/com/google/errorprone/error_prone_annotations/2.10.0/error_prone_annotations-2.10.0.jar:/home/marcel/.m2/repository/org/apache/kafka/kafka-clients/3.1.0/kafka-clients-3.1.0.jar:/home/marcel/.m2/repository/com/github/luben/zstd-jni/1.5.0-4/zstd-jni-1.5.0-4.jar:/home/marcel/.m2/repository/org/lz4/lz4-java/1.8.0/lz4-java-1.8.0.jar:/home/marcel/.m2/repository/org/xerial/snappy/snappy-java/1.1.8.4/snappy-java-1.1.8.4.jar:/home/marcel/.m2/repository/io/quarkus/quarkus-resteasy/2.7.2.Final/quarkus-resteasy-2.7.2.Final.jar:/home/marcel/.m2/repository/io/quarkus/quarkus-resteasy-server-common/2.7.2.Final/quarkus-resteasy-server-common-2.7.2.Final.jar:/home/marcel/.m2/repository/io/quarkus/quarkus-resteasy-common/2.7.2.Final/quarkus-resteasy-common-2.7.2.Final.jar:/home/marcel/.m2/repository/jakarta/validation/jakarta.validation-api/2.0.2/jakarta.validation-api-2.0.2.jar:/home/marcel/.m2/repository/io/quarkus/quarkus-resteasy-jsonb/2.7.2.Final/quarkus-resteasy-jsonb-2.7.2.Final.jar:/home/marcel/.m2/repository/io/quarkus/quarkus-jsonb/2.7.2.Final/quarkus-jsonb-2.7.2.Final.jar:/home/marcel/.m2/repository/org/eclipse/yasson/1.0.11/yasson-1.0.11.jar:/home/marcel/.m2/repository/io/quarkus/quarkus-jsonp/2.7.2.Final/quarkus-jsonp-2.7.2.Final.jar:/home/marcel/.m2/repository/org/jboss/resteasy/resteasy-json-binding-provider/4.7.5.Final/resteasy-json-binding-provider-4.7.5.Final.jar:/home/marcel/.m2/repository/org/glassfish/jakarta.json/1.1.6/jakarta.json-1.1.6.jar:/home/marcel/.m2/repository/jakarta/json/bind/jakarta.json.bind-api/1.0.2/jakarta.json.bind-api-1.0.2.jar:/home/marcel/.m2/repository/org/jboss/resteasy/resteasy-json-p-provider/4.7.5.Final/resteasy-json-p-provider-4.7.5.Final.jar:/home/marcel/.m2/repository/commons-io/commons-io/2.11.0/commons-io-2.11.0.jar:/home/marcel/.m2/repository/io/quarkus/quarkus-jdbc-postgresql/2.7.2.Final/quarkus-jdbc-postgresql-2.7.2.Final.jar:/home/marcel/.m2/repository/org/postgresql/postgresql/42.3.3/postgresql-42.3.3.jar:/home/marcel/.m2/repository/io/quarkus/quarkus-arc/2.7.2.Final/quarkus-arc-2.7.2.Final.jar:/home/marcel/.m2/repository/io/quarkus/arc/arc/2.7.2.Final/arc-2.7.2.Final.jar:/home/marcel/.m2/repository/org/eclipse/microprofile/context-propagation/microprofile-context-propagation-api/1.2/microprofile-context-propagation-api-1.2.jar:/home/marcel/.m2/repository/io/quarkus/quarkus-junit5/2.7.2.Final/quarkus-junit5-2.7.2.Final.jar:/home/marcel/.m2/repository/io/quarkus/quarkus-bootstrap-core/2.7.2.Final/quarkus-bootstrap-core-2.7.2.Final.jar:/home/marcel/.m2/repository/io/quarkus/quarkus-bootstrap-app-model/2.7.2.Final/quarkus-bootstrap-app-model-2.7.2.Final.jar:/home/marcel/.m2/repository/io/quarkus/quarkus-bootstrap-maven-resolver/2.7.2.Final/quarkus-bootstrap-maven-resolver-2.7.2.Final.jar:/home/marcel/.m2/repository/org/apache/maven/maven-embedder/3.8.4/maven-embedder-3.8.4.jar:/home/marcel/.m2/repository/org/apache/maven/maven-settings/3.8.4/maven-settings-3.8.4.jar:/home/marcel/.m2/repository/org/apache/maven/maven-core/3.8.4/maven-core-3.8.4.jar:/home/marcel/.m2/repository/org/apache/maven/maven-artifact/3.8.4/maven-artifact-3.8.4.jar:/home/marcel/.m2/repository/org/codehaus/plexus/plexus-component-annotations/2.1.0/plexus-component-annotations-2.1.0.jar:/home/marcel/.m2/repository/org/apache/maven/maven-plugin-api/3.8.4/maven-plugin-api-3.8.4.jar:/home/marcel/.m2/repository/org/apache/maven/maven-model/3.8.4/maven-model-3.8.4.jar:/home/marcel/.m2/repository/org/apache/maven/maven-model-builder/3.8.4/maven-model-builder-3.8.4.jar:/home/marcel/.m2/repository/org/apache/maven/maven-builder-support/3.8.4/maven-builder-support-3.8.4.jar:/home/marcel/.m2/repository/org/apache/maven/resolver/maven-resolver-api/1.6.3/maven-resolver-api-1.6.3.jar:/home/marcel/.m2/repository/org/apache/maven/resolver/maven-resolver-util/1.6.3/maven-resolver-util-1.6.3.jar:/home/marcel/.m2/repository/org/apache/maven/shared/maven-shared-utils/3.3.4/maven-shared-utils-3.3.4.jar:/home/marcel/.m2/repository/com/google/inject/guice/4.2.2/guice-4.2.2-no_aop.jar:/home/marcel/.m2/repository/com/google/guava/guava/30.1.1-jre/guava-30.1.1-jre.jar:/home/marcel/.m2/repository/com/google/guava/failureaccess/1.0.1/failureaccess-1.0.1.jar:/home/marcel/.m2/repository/org/codehaus/plexus/plexus-classworlds/2.6.0/plexus-classworlds-2.6.0.jar:/home/marcel/.m2/repository/org/codehaus/plexus/plexus-sec-dispatcher/2.0/plexus-sec-dispatcher-2.0.jar:/home/marcel/.m2/repository/org/codehaus/plexus/plexus-cipher/2.0/plexus-cipher-2.0.jar:/home/marcel/.m2/repository/commons-cli/commons-cli/1.4/commons-cli-1.4.jar:/home/marcel/.m2/repository/org/eclipse/sisu/org.eclipse.sisu.plexus/0.3.5/org.eclipse.sisu.plexus-0.3.5.jar:/home/marcel/.m2/repository/org/apache/maven/maven-settings-builder/3.8.4/maven-settings-builder-3.8.4.jar:/home/marcel/.m2/repository/org/codehaus/plexus/plexus-interpolation/1.26/plexus-interpolation-1.26.jar:/home/marcel/.m2/repository/org/apache/maven/maven-resolver-provider/3.8.4/maven-resolver-provider-3.8.4.jar:/home/marcel/.m2/repository/org/apache/maven/maven-repository-metadata/3.8.4/maven-repository-metadata-3.8.4.jar:/home/marcel/.m2/repository/org/apache/maven/resolver/maven-resolver-spi/1.6.3/maven-resolver-spi-1.6.3.jar:/home/marcel/.m2/repository/org/apache/maven/resolver/maven-resolver-impl/1.6.3/maven-resolver-impl-1.6.3.jar:/home/marcel/.m2/repository/org/codehaus/plexus/plexus-utils/3.3.0/plexus-utils-3.3.0.jar:/home/marcel/.m2/repository/org/apache/maven/resolver/maven-resolver-connector-basic/1.6.3/maven-resolver-connector-basic-1.6.3.jar:/home/marcel/.m2/repository/org/apache/maven/resolver/maven-resolver-transport-wagon/1.6.3/maven-resolver-transport-wagon-1.6.3.jar:/home/marcel/.m2/repository/org/apache/maven/wagon/wagon-http/3.4.3/wagon-http-3.4.3.jar:/home/marcel/.m2/repository/org/apache/maven/wagon/wagon-http-shared/3.4.3/wagon-http-shared-3.4.3.jar:/home/marcel/.m2/repository/org/jsoup/jsoup/1.14.2/jsoup-1.14.2.jar:/home/marcel/.m2/repository/org/apache/maven/wagon/wagon-provider-api/3.4.3/wagon-provider-api-3.4.3.jar:/home/marcel/.m2/repository/org/apache/maven/wagon/wagon-file/3.4.3/wagon-file-3.4.3.jar:/home/marcel/.m2/repository/io/quarkus/quarkus-bootstrap-gradle-resolver/2.7.2.Final/quarkus-bootstrap-gradle-resolver-2.7.2.Final.jar:/home/marcel/.m2/repository/io/smallrye/common/smallrye-common-io/1.10.0/smallrye-common-io-1.10.0.jar:/home/marcel/.m2/repository/org/eclipse/sisu/org.eclipse.sisu.inject/0.3.5/org.eclipse.sisu.inject-0.3.5.jar:/home/marcel/.m2/repository/io/quarkus/quarkus-test-common/2.7.2.Final/quarkus-test-common-2.7.2.Final.jar:/home/marcel/.m2/repository/io/quarkus/quarkus-core-deployment/2.7.2.Final/quarkus-core-deployment-2.7.2.Final.jar:/home/marcel/.m2/repository/org/aesh/readline/2.2/readline-2.2.jar:/home/marcel/.m2/repository/org/fusesource/jansi/jansi/1.18/jansi-1.18.jar:/home/marcel/.m2/repository/org/aesh/aesh/2.6/aesh-2.6.jar:/home/marcel/.m2/repository/io/quarkus/gizmo/gizmo/1.0.10.Final/gizmo-1.0.10.Final.jar:/home/marcel/.m2/repository/org/ow2/asm/asm-util/9.2/asm-util-9.2.jar:/home/marcel/.m2/repository/org/ow2/asm/asm/9.2/asm-9.2.jar:/home/marcel/.m2/repository/org/ow2/asm/asm-commons/9.2/asm-commons-9.2.jar:/home/marcel/.m2/repository/org/ow2/asm/asm-tree/9.2/asm-tree-9.2.jar:/home/marcel/.m2/repository/org/ow2/asm/asm-analysis/9.2/asm-analysis-9.2.jar:/home/marcel/.m2/repository/io/quarkus/quarkus-class-change-agent/2.7.2.Final/quarkus-class-change-agent-2.7.2.Final.jar:/home/marcel/.m2/repository/io/quarkus/quarkus-devtools-utilities/2.7.2.Final/quarkus-devtools-utilities-2.7.2.Final.jar:/home/marcel/.m2/repository/io/quarkus/quarkus-builder/2.7.2.Final/quarkus-builder-2.7.2.Final.jar:/home/marcel/.m2/repository/org/junit/platform/junit-platform-launcher/1.8.2/junit-platform-launcher-1.8.2.jar:/home/marcel/.m2/repository/io/quarkus/quarkus-jsonp-deployment/2.7.2.Final/quarkus-jsonp-deployment-2.7.2.Final.jar:/home/marcel/.m2/repository/io/quarkus/quarkus-junit5-properties/2.7.2.Final/quarkus-junit5-properties-2.7.2.Final.jar:/home/marcel/.m2/repository/org/junit/jupiter/junit-jupiter/5.8.2/junit-jupiter-5.8.2.jar:/home/marcel/.m2/repository/org/junit/jupiter/junit-jupiter-api/5.8.2/junit-jupiter-api-5.8.2.jar:/home/marcel/.m2/repository/org/opentest4j/opentest4j/1.2.0/opentest4j-1.2.0.jar:/home/marcel/.m2/repository/org/junit/platform/junit-platform-commons/1.8.2/junit-platform-commons-1.8.2.jar:/home/marcel/.m2/repository/org/apiguardian/apiguardian-api/1.1.2/apiguardian-api-1.1.2.jar:/home/marcel/.m2/repository/org/junit/jupiter/junit-jupiter-params/5.8.2/junit-jupiter-params-5.8.2.jar:/home/marcel/.m2/repository/org/junit/jupiter/junit-jupiter-engine/5.8.2/junit-jupiter-engine-5.8.2.jar:/home/marcel/.m2/repository/org/junit/platform/junit-platform-engine/1.8.2/junit-platform-engine-1.8.2.jar:/home/marcel/.m2/repository/com/thoughtworks/xstream/xstream/1.4.19/xstream-1.4.19.jar:/home/marcel/.m2/repository/io/github/x-stream/mxparser/1.2.2/mxparser-1.2.2.jar:/home/marcel/.m2/repository/xmlpull/xmlpull/1.1.3.1/xmlpull-1.1.3.1.jar:/home/marcel/.m2/repository/io/rest-assured/rest-assured/4.4.0/rest-assured-4.4.0.jar:/home/marcel/.m2/repository/org/codehaus/groovy/groovy/3.0.8/groovy-3.0.8.jar:/home/marcel/.m2/repository/org/codehaus/groovy/groovy-xml/3.0.8/groovy-xml-3.0.8.jar:/home/marcel/.m2/repository/org/apache/httpcomponents/httpclient/4.5.13/httpclient-4.5.13.jar:/home/marcel/.m2/repository/org/apache/httpcomponents/httpcore/4.4.15/httpcore-4.4.15.jar:/home/marcel/.m2/repository/commons-codec/commons-codec/1.15/commons-codec-1.15.jar:/home/marcel/.m2/repository/org/apache/httpcomponents/httpmime/4.5.13/httpmime-4.5.13.jar:/home/marcel/.m2/repository/org/hamcrest/hamcrest/2.1/hamcrest-2.1.jar:/home/marcel/.m2/repository/org/ccil/cowan/tagsoup/tagsoup/1.2.1/tagsoup-1.2.1.jar:/home/marcel/.m2/repository/io/rest-assured/json-path/4.4.0/json-path-4.4.0.jar:/home/marcel/.m2/repository/org/codehaus/groovy/groovy-json/3.0.8/groovy-json-3.0.8.jar:/home/marcel/.m2/repository/io/rest-assured/rest-assured-common/4.4.0/rest-assured-common-4.4.0.jar:/home/marcel/.m2/repository/io/rest-assured/xml-path/4.4.0/xml-path-4.4.0.jar:/home/marcel/.m2/repository/org/apache/commons/commons-lang3/3.12.0/commons-lang3-3.12.0.jar:/home/marcel/.m2/repository/jakarta/xml/bind/jakarta.xml.bind-api/2.3.3/jakarta.xml.bind-api-2.3.3.jar:/home/marcel/.m2/repository/com/sun/xml/bind/jaxb-impl/2.3.3/jaxb-impl-2.3.3.jar:"/>
    <property name="java.vm.vendor" value="Oracle Corporation"/>
    <property name="sun.arch.data.model" value="64"/>
    <property name="java.vendor.url" value="https://java.oracle.com/"/>
    <property name="user.timezone" value="Europe/Vienna"/>
    <property name="os.name" value="Linux"/>
    <property name="java.vm.specification.version" value="17"/>
    <property name="sun.java.launcher" value="SUN_STANDARD"/>
    <property name="user.country" value="GB"/>
    <property name="mp.openapi.extensions.smallrye.defaultProduces" value="application/json"/>
    <property name="sun.boot.library.path" value="/usr/lib/jvm/java-17-oracle/lib"/>
    <property name="sun.java.command" value="/home/marcel/Documents/musictech/server/target/surefire/surefirebooter9801496172800683293.jar /home/marcel/Documents/musictech/server/target/surefire 2022-03-09T10-22-31_378-jvmRun1 surefire15262260167202966255tmp surefire_016617982582213166429tmp"/>
    <property name="maven.home" value="/opt/apache-maven-3.8.3"/>
    <property name="jdk.debug" value="release"/>
    <property name="surefire.test.class.path" value="/home/marcel/Documents/musictech/server/target/test-classes:/home/marcel/Documents/musictech/server/target/classes:/home/marcel/.m2/repository/io/quarkus/quarkus-hibernate-orm-panache/2.7.2.Final/quarkus-hibernate-orm-panache-2.7.2.Final.jar:/home/marcel/.m2/repository/io/quarkus/quarkus-hibernate-orm/2.7.2.Final/quarkus-hibernate-orm-2.7.2.Final.jar:/home/marcel/.m2/repository/io/quarkus/quarkus-agroal/2.7.2.Final/quarkus-agroal-2.7.2.Final.jar:/home/marcel/.m2/repository/io/quarkus/quarkus-datasource/2.7.2.Final/quarkus-datasource-2.7.2.Final.jar:/home/marcel/.m2/repository/io/quarkus/quarkus-datasource-common/2.7.2.Final/quarkus-datasource-common-2.7.2.Final.jar:/home/marcel/.m2/repository/org/jboss/narayana/jta/narayana-jta/5.12.4.Final/narayana-jta-5.12.4.Final.jar:/home/marcel/.m2/repository/org/jboss/jboss-transaction-spi/7.6.0.Final/jboss-transaction-spi-7.6.0.Final.jar:/home/marcel/.m2/repository/org/jboss/spec/javax/resource/jboss-connector-api_1.7_spec/1.0.0.Final/jboss-connector-api_1.7_spec-1.0.0.Final.jar:/home/marcel/.m2/repository/org/jboss/narayana/jts/narayana-jts-integration/5.12.4.Final/narayana-jts-integration-5.12.4.Final.jar:/home/marcel/.m2/repository/io/agroal/agroal-api/1.14/agroal-api-1.14.jar:/home/marcel/.m2/repository/io/agroal/agroal-narayana/1.14/agroal-narayana-1.14.jar:/home/marcel/.m2/repository/io/agroal/agroal-pool/1.14/agroal-pool-1.14.jar:/home/marcel/.m2/repository/io/quarkus/quarkus-credentials/2.7.2.Final/quarkus-credentials-2.7.2.Final.jar:/home/marcel/.m2/repository/io/quarkus/quarkus-narayana-jta/2.7.2.Final/quarkus-narayana-jta-2.7.2.Final.jar:/home/marcel/.m2/repository/io/smallrye/smallrye-context-propagation-jta/1.2.2/smallrye-context-propagation-jta-1.2.2.jar:/home/marcel/.m2/repository/io/smallrye/reactive/smallrye-reactive-converter-api/2.6.0/smallrye-reactive-converter-api-2.6.0.jar:/home/marcel/.m2/repository/io/smallrye/reactive/smallrye-reactive-converter-mutiny/2.6.0/smallrye-reactive-converter-mutiny-2.6.0.jar:/home/marcel/.m2/repository/org/hibernate/hibernate-core/5.6.5.Final/hibernate-core-5.6.5.Final.jar:/home/marcel/.m2/repository/net/bytebuddy/byte-buddy/1.12.7/byte-buddy-1.12.7.jar:/home/marcel/.m2/repository/antlr/antlr/2.7.7/antlr-2.7.7.jar:/home/marcel/.m2/repository/com/fasterxml/classmate/1.5.1/classmate-1.5.1.jar:/home/marcel/.m2/repository/org/hibernate/common/hibernate-commons-annotations/5.1.2.Final/hibernate-commons-annotations-5.1.2.Final.jar:/home/marcel/.m2/repository/org/hibernate/hibernate-graalvm/5.6.5.Final/hibernate-graalvm-5.6.5.Final.jar:/home/marcel/.m2/repository/org/glassfish/jaxb/jaxb-runtime/2.3.3-b02/jaxb-runtime-2.3.3-b02.jar:/home/marcel/.m2/repository/org/glassfish/jaxb/txw2/2.3.3-b02/txw2-2.3.3-b02.jar:/home/marcel/.m2/repository/com/sun/istack/istack-commons-runtime/3.0.10/istack-commons-runtime-3.0.10.jar:/home/marcel/.m2/repository/com/sun/activation/jakarta.activation/1.2.1/jakarta.activation-1.2.1.jar:/home/marcel/.m2/repository/org/jboss/spec/javax/xml/bind/jboss-jaxb-api_2.3_spec/2.0.0.Final/jboss-jaxb-api_2.3_spec-2.0.0.Final.jar:/home/marcel/.m2/repository/jakarta/persistence/jakarta.persistence-api/2.2.3/jakarta.persistence-api-2.2.3.jar:/home/marcel/.m2/repository/jakarta/transaction/jakarta.transaction-api/1.3.3/jakarta.transaction-api-1.3.3.jar:/home/marcel/.m2/repository/org/hibernate/quarkus-local-cache/0.1.0/quarkus-local-cache-0.1.0.jar:/home/marcel/.m2/repository/io/quarkus/quarkus-hibernate-orm-panache-common/2.7.2.Final/quarkus-hibernate-orm-panache-common-2.7.2.Final.jar:/home/marcel/.m2/repository/io/quarkus/quarkus-panache-hibernate-common/2.7.2.Final/quarkus-panache-hibernate-common-2.7.2.Final.jar:/home/marcel/.m2/repository/io/quarkus/quarkus-panache-common/2.7.2.Final/quarkus-panache-common-2.7.2.Final.jar:/home/marcel/.m2/repository/io/quarkus/quarkus-resteasy-multipart/2.7.2.Final/quarkus-resteasy-multipart-2.7.2.Final.jar:/home/marcel/.m2/repository/org/jboss/resteasy/resteasy-multipart-provider/4.7.5.Final/resteasy-multipart-provider-4.7.5.Final.jar:/home/marcel/.m2/repository/org/jboss/resteasy/resteasy-core-spi/4.7.5.Final/resteasy-core-spi-4.7.5.Final.jar:/home/marcel/.m2/repository/org/jboss/spec/javax/ws/rs/jboss-jaxrs-api_2.1_spec/2.0.1.Final/jboss-jaxrs-api_2.1_spec-2.0.1.Final.jar:/home/marcel/.m2/repository/org/reactivestreams/reactive-streams/1.0.3/reactive-streams-1.0.3.jar:/home/marcel/.m2/repository/org/jboss/resteasy/resteasy-core/4.7.5.Final/resteasy-core-4.7.5.Final.jar:/home/marcel/.m2/repository/com/ibm/async/asyncutil/0.1.0/asyncutil-0.1.0.jar:/home/marcel/.m2/repository/org/jboss/resteasy/resteasy-jaxb-provider/4.7.5.Final/resteasy-jaxb-provider-4.7.5.Final.jar:/home/marcel/.m2/repository/com/sun/mail/jakarta.mail/1.6.5/jakarta.mail-1.6.5.jar:/home/marcel/.m2/repository/org/apache/james/apache-mime4j-dom/0.8.3/apache-mime4j-dom-0.8.3.jar:/home/marcel/.m2/repository/org/apache/james/apache-mime4j-core/0.8.3/apache-mime4j-core-0.8.3.jar:/home/marcel/.m2/repository/org/apache/james/apache-mime4j-storage/0.8.3/apache-mime4j-storage-0.8.3.jar:/home/marcel/.m2/repository/org/jboss/logging/jboss-logging/3.4.3.Final/jboss-logging-3.4.3.Final.jar:/home/marcel/.m2/repository/org/jboss/logging/commons-logging-jboss-logging/1.0.0.Final/commons-logging-jboss-logging-1.0.0.Final.jar:/home/marcel/.m2/repository/io/quarkus/quarkus-smallrye-openapi/2.7.2.Final/quarkus-smallrye-openapi-2.7.2.Final.jar:/home/marcel/.m2/repository/io/smallrye/smallrye-open-api-core/2.1.17/smallrye-open-api-core-2.1.17.jar:/home/marcel/.m2/repository/org/eclipse/microprofile/openapi/microprofile-openapi-api/2.0.1-RC1/microprofile-openapi-api-2.0.1-RC1.jar:/home/marcel/.m2/repository/org/eclipse/microprofile/config/microprofile-config-api/2.0/microprofile-config-api-2.0.jar:/home/marcel/.m2/repository/com/fasterxml/jackson/core/jackson-core/2.13.1/jackson-core-2.13.1.jar:/home/marcel/.m2/repository/com/fasterxml/jackson/core/jackson-databind/2.13.1/jackson-databind-2.13.1.jar:/home/marcel/.m2/repository/com/fasterxml/jackson/core/jackson-annotations/2.13.1/jackson-annotations-2.13.1.jar:/home/marcel/.m2/repository/com/fasterxml/jackson/dataformat/jackson-dataformat-yaml/2.13.1/jackson-dataformat-yaml-2.13.1.jar:/home/marcel/.m2/repository/org/yaml/snakeyaml/1.30/snakeyaml-1.30.jar:/home/marcel/.m2/repository/org/jboss/jandex/2.4.2.Final/jandex-2.4.2.Final.jar:/home/marcel/.m2/repository/io/quarkus/quarkus-core/2.7.2.Final/quarkus-core-2.7.2.Final.jar:/home/marcel/.m2/repository/jakarta/annotation/jakarta.annotation-api/1.3.5/jakarta.annotation-api-1.3.5.jar:/home/marcel/.m2/repository/jakarta/enterprise/jakarta.enterprise.cdi-api/2.0.2/jakarta.enterprise.cdi-api-2.0.2.jar:/home/marcel/.m2/repository/jakarta/el/jakarta.el-api/3.0.3/jakarta.el-api-3.0.3.jar:/home/marcel/.m2/repository/jakarta/interceptor/jakarta.interceptor-api/1.2.5/jakarta.interceptor-api-1.2.5.jar:/home/marcel/.m2/repository/jakarta/inject/jakarta.inject-api/1.0/jakarta.inject-api-1.0.jar:/home/marcel/.m2/repository/io/quarkus/quarkus-ide-launcher/2.7.2.Final/quarkus-ide-launcher-2.7.2.Final.jar:/home/marcel/.m2/repository/io/quarkus/quarkus-development-mode-spi/2.7.2.Final/quarkus-development-mode-spi-2.7.2.Final.jar:/home/marcel/.m2/repository/io/smallrye/config/smallrye-config/2.9.0/smallrye-config-2.9.0.jar:/home/marcel/.m2/repository/io/smallrye/config/smallrye-config-core/2.9.0/smallrye-config-core-2.9.0.jar:/home/marcel/.m2/repository/io/smallrye/common/smallrye-common-expression/1.10.0/smallrye-common-expression-1.10.0.jar:/home/marcel/.m2/repository/io/smallrye/common/smallrye-common-function/1.10.0/smallrye-common-function-1.10.0.jar:/home/marcel/.m2/repository/io/smallrye/common/smallrye-common-classloader/1.10.0/smallrye-common-classloader-1.10.0.jar:/home/marcel/.m2/repository/io/smallrye/config/smallrye-config-common/2.9.0/smallrye-config-common-2.9.0.jar:/home/marcel/.m2/repository/org/jboss/logmanager/jboss-logmanager-embedded/1.0.9/jboss-logmanager-embedded-1.0.9.jar:/home/marcel/.m2/repository/org/jboss/logging/jboss-logging-annotations/2.2.1.Final/jboss-logging-annotations-2.2.1.Final.jar:/home/marcel/.m2/repository/org/jboss/threads/jboss-threads/3.4.2.Final/jboss-threads-3.4.2.Final.jar:/home/marcel/.m2/repository/org/slf4j/slf4j-api/1.7.33/slf4j-api-1.7.33.jar:/home/marcel/.m2/repository/org/jboss/slf4j/slf4j-jboss-logmanager/1.1.0.Final/slf4j-jboss-logmanager-1.1.0.Final.jar:/home/marcel/.m2/repository/org/graalvm/sdk/graal-sdk/21.3.1/graal-sdk-21.3.1.jar:/home/marcel/.m2/repository/org/wildfly/common/wildfly-common/1.5.4.Final-format-001/wildfly-common-1.5.4.Final-format-001.jar:/home/marcel/.m2/repository/io/quarkus/quarkus-bootstrap-runner/2.7.2.Final/quarkus-bootstrap-runner-2.7.2.Final.jar:/home/marcel/.m2/repository/io/quarkus/quarkus-fs-util/0.0.9/quarkus-fs-util-0.0.9.jar:/home/marcel/.m2/repository/io/quarkus/quarkus-vertx-http/2.7.2.Final/quarkus-vertx-http-2.7.2.Final.jar:/home/marcel/.m2/repository/io/quarkus/quarkus-security-runtime-spi/2.7.2.Final/quarkus-security-runtime-spi-2.7.2.Final.jar:/home/marcel/.m2/repository/io/quarkus/quarkus-mutiny/2.7.2.Final/quarkus-mutiny-2.7.2.Final.jar:/home/marcel/.m2/repository/io/smallrye/reactive/mutiny/1.3.1/mutiny-1.3.1.jar:/home/marcel/.m2/repository/io/quarkus/quarkus-smallrye-context-propagation/2.7.2.Final/quarkus-smallrye-context-propagation-2.7.2.Final.jar:/home/marcel/.m2/repository/io/smallrye/smallrye-context-propagation/1.2.2/smallrye-context-propagation-1.2.2.jar:/home/marcel/.m2/repository/io/smallrye/smallrye-context-propagation-api/1.2.2/smallrye-context-propagation-api-1.2.2.jar:/home/marcel/.m2/repository/io/smallrye/smallrye-context-propagation-storage/1.2.2/smallrye-context-propagation-storage-1.2.2.jar:/home/marcel/.m2/repository/io/smallrye/reactive/mutiny-smallrye-context-propagation/1.3.1/mutiny-smallrye-context-propagation-1.3.1.jar:/home/marcel/.m2/repository/io/smallrye/common/smallrye-common-vertx-context/1.10.0/smallrye-common-vertx-context-1.10.0.jar:/home/marcel/.m2/repository/io/vertx/vertx-core/4.2.4/vertx-core-4.2.4.jar:/home/marcel/.m2/repository/io/netty/netty-common/4.1.74.Final/netty-common-4.1.74.Final.jar:/home/marcel/.m2/repository/io/netty/netty-buffer/4.1.74.Final/netty-buffer-4.1.74.Final.jar:/home/marcel/.m2/repository/io/netty/netty-transport/4.1.74.Final/netty-transport-4.1.74.Final.jar:/home/marcel/.m2/repository/io/netty/netty-handler/4.1.74.Final/netty-handler-4.1.74.Final.jar:/home/marcel/.m2/repository/io/netty/netty-tcnative-classes/2.0.48.Final/netty-tcnative-classes-2.0.48.Final.jar:/home/marcel/.m2/repository/io/netty/netty-handler-proxy/4.1.74.Final/netty-handler-proxy-4.1.74.Final.jar:/home/marcel/.m2/repository/io/netty/netty-codec-socks/4.1.74.Final/netty-codec-socks-4.1.74.Final.jar:/home/marcel/.m2/repository/io/netty/netty-codec-http/4.1.74.Final/netty-codec-http-4.1.74.Final.jar:/home/marcel/.m2/repository/io/netty/netty-codec-http2/4.1.74.Final/netty-codec-http2-4.1.74.Final.jar:/home/marcel/.m2/repository/io/netty/netty-resolver/4.1.74.Final/netty-resolver-4.1.74.Final.jar:/home/marcel/.m2/repository/io/netty/netty-resolver-dns/4.1.74.Final/netty-resolver-dns-4.1.74.Final.jar:/home/marcel/.m2/repository/io/netty/netty-codec-dns/4.1.74.Final/netty-codec-dns-4.1.74.Final.jar:/home/marcel/.m2/repository/io/smallrye/common/smallrye-common-constraint/1.10.0/smallrye-common-constraint-1.10.0.jar:/home/marcel/.m2/repository/io/quarkus/quarkus-vertx-http-dev-console-runtime-spi/2.7.2.Final/quarkus-vertx-http-dev-console-runtime-spi-2.7.2.Final.jar:/home/marcel/.m2/repository/io/quarkus/security/quarkus-security/1.1.4.Final/quarkus-security-1.1.4.Final.jar:/home/marcel/.m2/repository/io/quarkus/quarkus-vertx/2.7.2.Final/quarkus-vertx-2.7.2.Final.jar:/home/marcel/.m2/repository/io/quarkus/quarkus-netty/2.7.2.Final/quarkus-netty-2.7.2.Final.jar:/home/marcel/.m2/repository/io/netty/netty-codec/4.1.74.Final/netty-codec-4.1.74.Final.jar:/home/marcel/.m2/repository/io/netty/netty-codec-haproxy/4.1.74.Final/netty-codec-haproxy-4.1.74.Final.jar:/home/marcel/.m2/repository/io/smallrye/common/smallrye-common-annotation/1.10.0/smallrye-common-annotation-1.10.0.jar:/home/marcel/.m2/repository/io/smallrye/reactive/smallrye-mutiny-vertx-core/2.18.1/smallrye-mutiny-vertx-core-2.18.1.jar:/home/marcel/.m2/repository/io/smallrye/reactive/smallrye-mutiny-vertx-runtime/2.18.1/smallrye-mutiny-vertx-runtime-2.18.1.jar:/home/marcel/.m2/repository/io/smallrye/reactive/vertx-mutiny-generator/2.18.1/vertx-mutiny-generator-2.18.1.jar:/home/marcel/.m2/repository/io/vertx/vertx-codegen/4.2.4/vertx-codegen-4.2.4.jar:/home/marcel/.m2/repository/io/smallrye/smallrye-fault-tolerance-vertx/5.2.1/smallrye-fault-tolerance-vertx-5.2.1.jar:/home/marcel/.m2/repository/io/smallrye/reactive/smallrye-mutiny-vertx-web/2.18.1/smallrye-mutiny-vertx-web-2.18.1.jar:/home/marcel/.m2/repository/io/smallrye/reactive/smallrye-mutiny-vertx-web-common/2.18.1/smallrye-mutiny-vertx-web-common-2.18.1.jar:/home/marcel/.m2/repository/io/smallrye/reactive/smallrye-mutiny-vertx-auth-common/2.18.1/smallrye-mutiny-vertx-auth-common-2.18.1.jar:/home/marcel/.m2/repository/io/smallrye/reactive/smallrye-mutiny-vertx-bridge-common/2.18.1/smallrye-mutiny-vertx-bridge-common-2.18.1.jar:/home/marcel/.m2/repository/io/vertx/vertx-web/4.2.4/vertx-web-4.2.4.jar:/home/marcel/.m2/repository/io/vertx/vertx-web-common/4.2.4/vertx-web-common-4.2.4.jar:/home/marcel/.m2/repository/io/vertx/vertx-auth-common/4.2.4/vertx-auth-common-4.2.4.jar:/home/marcel/.m2/repository/io/vertx/vertx-bridge-common/4.2.4/vertx-bridge-common-4.2.4.jar:/home/marcel/.m2/repository/io/quarkus/quarkus-swagger-ui/2.7.2.Final/quarkus-swagger-ui-2.7.2.Final.jar:/home/marcel/.m2/repository/io/quarkus/quarkus-kafka-client/2.7.2.Final/quarkus-kafka-client-2.7.2.Final.jar:/home/marcel/.m2/repository/io/quarkus/quarkus-jackson/2.7.2.Final/quarkus-jackson-2.7.2.Final.jar:/home/marcel/.m2/repository/com/fasterxml/jackson/datatype/jackson-datatype-jsr310/2.13.1/jackson-datatype-jsr310-2.13.1.jar:/home/marcel/.m2/repository/com/fasterxml/jackson/datatype/jackson-datatype-jdk8/2.13.1/jackson-datatype-jdk8-2.13.1.jar:/home/marcel/.m2/repository/com/fasterxml/jackson/module/jackson-module-parameter-names/2.13.1/jackson-module-parameter-names-2.13.1.jar:/home/marcel/.m2/repository/io/quarkus/quarkus-caffeine/2.7.2.Final/quarkus-caffeine-2.7.2.Final.jar:/home/marcel/.m2/repository/com/github/ben-manes/caffeine/caffeine/2.9.3/caffeine-2.9.3.jar:/home/marcel/.m2/repository/com/google/errorprone/error_prone_annotations/2.10.0/error_prone_annotations-2.10.0.jar:/home/marcel/.m2/repository/org/apache/kafka/kafka-clients/3.1.0/kafka-clients-3.1.0.jar:/home/marcel/.m2/repository/com/github/luben/zstd-jni/1.5.0-4/zstd-jni-1.5.0-4.jar:/home/marcel/.m2/repository/org/lz4/lz4-java/1.8.0/lz4-java-1.8.0.jar:/home/marcel/.m2/repository/org/xerial/snappy/snappy-java/1.1.8.4/snappy-java-1.1.8.4.jar:/home/marcel/.m2/repository/io/quarkus/quarkus-resteasy/2.7.2.Final/quarkus-resteasy-2.7.2.Final.jar:/home/marcel/.m2/repository/io/quarkus/quarkus-resteasy-server-common/2.7.2.Final/quarkus-resteasy-server-common-2.7.2.Final.jar:/home/marcel/.m2/repository/io/quarkus/quarkus-resteasy-common/2.7.2.Final/quarkus-resteasy-common-2.7.2.Final.jar:/home/marcel/.m2/repository/jakarta/validation/jakarta.validation-api/2.0.2/jakarta.validation-api-2.0.2.jar:/home/marcel/.m2/repository/io/quarkus/quarkus-resteasy-jsonb/2.7.2.Final/quarkus-resteasy-jsonb-2.7.2.Final.jar:/home/marcel/.m2/repository/io/quarkus/quarkus-jsonb/2.7.2.Final/quarkus-jsonb-2.7.2.Final.jar:/home/marcel/.m2/repository/org/eclipse/yasson/1.0.11/yasson-1.0.11.jar:/home/marcel/.m2/repository/io/quarkus/quarkus-jsonp/2.7.2.Final/quarkus-jsonp-2.7.2.Final.jar:/home/marcel/.m2/repository/org/jboss/resteasy/resteasy-json-binding-provider/4.7.5.Final/resteasy-json-binding-provider-4.7.5.Final.jar:/home/marcel/.m2/repository/org/glassfish/jakarta.json/1.1.6/jakarta.json-1.1.6.jar:/home/marcel/.m2/repository/jakarta/json/bind/jakarta.json.bind-api/1.0.2/jakarta.json.bind-api-1.0.2.jar:/home/marcel/.m2/repository/org/jboss/resteasy/resteasy-json-p-provider/4.7.5.Final/resteasy-json-p-provider-4.7.5.Final.jar:/home/marcel/.m2/repository/commons-io/commons-io/2.11.0/commons-io-2.11.0.jar:/home/marcel/.m2/repository/io/quarkus/quarkus-jdbc-postgresql/2.7.2.Final/quarkus-jdbc-postgresql-2.7.2.Final.jar:/home/marcel/.m2/repository/org/postgresql/postgresql/42.3.3/postgresql-42.3.3.jar:/home/marcel/.m2/repository/io/quarkus/quarkus-arc/2.7.2.Final/quarkus-arc-2.7.2.Final.jar:/home/marcel/.m2/repository/io/quarkus/arc/arc/2.7.2.Final/arc-2.7.2.Final.jar:/home/marcel/.m2/repository/org/eclipse/microprofile/context-propagation/microprofile-context-propagation-api/1.2/microprofile-context-propagation-api-1.2.jar:/home/marcel/.m2/repository/io/quarkus/quarkus-junit5/2.7.2.Final/quarkus-junit5-2.7.2.Final.jar:/home/marcel/.m2/repository/io/quarkus/quarkus-bootstrap-core/2.7.2.Final/quarkus-bootstrap-core-2.7.2.Final.jar:/home/marcel/.m2/repository/io/quarkus/quarkus-bootstrap-app-model/2.7.2.Final/quarkus-bootstrap-app-model-2.7.2.Final.jar:/home/marcel/.m2/repository/io/quarkus/quarkus-bootstrap-maven-resolver/2.7.2.Final/quarkus-bootstrap-maven-resolver-2.7.2.Final.jar:/home/marcel/.m2/repository/org/apache/maven/maven-embedder/3.8.4/maven-embedder-3.8.4.jar:/home/marcel/.m2/repository/org/apache/maven/maven-settings/3.8.4/maven-settings-3.8.4.jar:/home/marcel/.m2/repository/org/apache/maven/maven-core/3.8.4/maven-core-3.8.4.jar:/home/marcel/.m2/repository/org/apache/maven/maven-artifact/3.8.4/maven-artifact-3.8.4.jar:/home/marcel/.m2/repository/org/codehaus/plexus/plexus-component-annotations/2.1.0/plexus-component-annotations-2.1.0.jar:/home/marcel/.m2/repository/org/apache/maven/maven-plugin-api/3.8.4/maven-plugin-api-3.8.4.jar:/home/marcel/.m2/repository/org/apache/maven/maven-model/3.8.4/maven-model-3.8.4.jar:/home/marcel/.m2/repository/org/apache/maven/maven-model-builder/3.8.4/maven-model-builder-3.8.4.jar:/home/marcel/.m2/repository/org/apache/maven/maven-builder-support/3.8.4/maven-builder-support-3.8.4.jar:/home/marcel/.m2/repository/org/apache/maven/resolver/maven-resolver-api/1.6.3/maven-resolver-api-1.6.3.jar:/home/marcel/.m2/repository/org/apache/maven/resolver/maven-resolver-util/1.6.3/maven-resolver-util-1.6.3.jar:/home/marcel/.m2/repository/org/apache/maven/shared/maven-shared-utils/3.3.4/maven-shared-utils-3.3.4.jar:/home/marcel/.m2/repository/com/google/inject/guice/4.2.2/guice-4.2.2-no_aop.jar:/home/marcel/.m2/repository/com/google/guava/guava/30.1.1-jre/guava-30.1.1-jre.jar:/home/marcel/.m2/repository/com/google/guava/failureaccess/1.0.1/failureaccess-1.0.1.jar:/home/marcel/.m2/repository/org/codehaus/plexus/plexus-classworlds/2.6.0/plexus-classworlds-2.6.0.jar:/home/marcel/.m2/repository/org/codehaus/plexus/plexus-sec-dispatcher/2.0/plexus-sec-dispatcher-2.0.jar:/home/marcel/.m2/repository/org/codehaus/plexus/plexus-cipher/2.0/plexus-cipher-2.0.jar:/home/marcel/.m2/repository/commons-cli/commons-cli/1.4/commons-cli-1.4.jar:/home/marcel/.m2/repository/org/eclipse/sisu/org.eclipse.sisu.plexus/0.3.5/org.eclipse.sisu.plexus-0.3.5.jar:/home/marcel/.m2/repository/org/apache/maven/maven-settings-builder/3.8.4/maven-settings-builder-3.8.4.jar:/home/marcel/.m2/repository/org/codehaus/plexus/plexus-interpolation/1.26/plexus-interpolation-1.26.jar:/home/marcel/.m2/repository/org/apache/maven/maven-resolver-provider/3.8.4/maven-resolver-provider-3.8.4.jar:/home/marcel/.m2/repository/org/apache/maven/maven-repository-metadata/3.8.4/maven-repository-metadata-3.8.4.jar:/home/marcel/.m2/repository/org/apache/maven/resolver/maven-resolver-spi/1.6.3/maven-resolver-spi-1.6.3.jar:/home/marcel/.m2/repository/org/apache/maven/resolver/maven-resolver-impl/1.6.3/maven-resolver-impl-1.6.3.jar:/home/marcel/.m2/repository/org/codehaus/plexus/plexus-utils/3.3.0/plexus-utils-3.3.0.jar:/home/marcel/.m2/repository/org/apache/maven/resolver/maven-resolver-connector-basic/1.6.3/maven-resolver-connector-basic-1.6.3.jar:/home/marcel/.m2/repository/org/apache/maven/resolver/maven-resolver-transport-wagon/1.6.3/maven-resolver-transport-wagon-1.6.3.jar:/home/marcel/.m2/repository/org/apache/maven/wagon/wagon-http/3.4.3/wagon-http-3.4.3.jar:/home/marcel/.m2/repository/org/apache/maven/wagon/wagon-http-shared/3.4.3/wagon-http-shared-3.4.3.jar:/home/marcel/.m2/repository/org/jsoup/jsoup/1.14.2/jsoup-1.14.2.jar:/home/marcel/.m2/repository/org/apache/maven/wagon/wagon-provider-api/3.4.3/wagon-provider-api-3.4.3.jar:/home/marcel/.m2/repository/org/apache/maven/wagon/wagon-file/3.4.3/wagon-file-3.4.3.jar:/home/marcel/.m2/repository/io/quarkus/quarkus-bootstrap-gradle-resolver/2.7.2.Final/quarkus-bootstrap-gradle-resolver-2.7.2.Final.jar:/home/marcel/.m2/repository/io/smallrye/common/smallrye-common-io/1.10.0/smallrye-common-io-1.10.0.jar:/home/marcel/.m2/repository/org/eclipse/sisu/org.eclipse.sisu.inject/0.3.5/org.eclipse.sisu.inject-0.3.5.jar:/home/marcel/.m2/repository/io/quarkus/quarkus-test-common/2.7.2.Final/quarkus-test-common-2.7.2.Final.jar:/home/marcel/.m2/repository/io/quarkus/quarkus-core-deployment/2.7.2.Final/quarkus-core-deployment-2.7.2.Final.jar:/home/marcel/.m2/repository/org/aesh/readline/2.2/readline-2.2.jar:/home/marcel/.m2/repository/org/fusesource/jansi/jansi/1.18/jansi-1.18.jar:/home/marcel/.m2/repository/org/aesh/aesh/2.6/aesh-2.6.jar:/home/marcel/.m2/repository/io/quarkus/gizmo/gizmo/1.0.10.Final/gizmo-1.0.10.Final.jar:/home/marcel/.m2/repository/org/ow2/asm/asm-util/9.2/asm-util-9.2.jar:/home/marcel/.m2/repository/org/ow2/asm/asm/9.2/asm-9.2.jar:/home/marcel/.m2/repository/org/ow2/asm/asm-commons/9.2/asm-commons-9.2.jar:/home/marcel/.m2/repository/org/ow2/asm/asm-tree/9.2/asm-tree-9.2.jar:/home/marcel/.m2/repository/org/ow2/asm/asm-analysis/9.2/asm-analysis-9.2.jar:/home/marcel/.m2/repository/io/quarkus/quarkus-class-change-agent/2.7.2.Final/quarkus-class-change-agent-2.7.2.Final.jar:/home/marcel/.m2/repository/io/quarkus/quarkus-devtools-utilities/2.7.2.Final/quarkus-devtools-utilities-2.7.2.Final.jar:/home/marcel/.m2/repository/io/quarkus/quarkus-builder/2.7.2.Final/quarkus-builder-2.7.2.Final.jar:/home/marcel/.m2/repository/org/junit/platform/junit-platform-launcher/1.8.2/junit-platform-launcher-1.8.2.jar:/home/marcel/.m2/repository/io/quarkus/quarkus-jsonp-deployment/2.7.2.Final/quarkus-jsonp-deployment-2.7.2.Final.jar:/home/marcel/.m2/repository/io/quarkus/quarkus-junit5-properties/2.7.2.Final/quarkus-junit5-properties-2.7.2.Final.jar:/home/marcel/.m2/repository/org/junit/jupiter/junit-jupiter/5.8.2/junit-jupiter-5.8.2.jar:/home/marcel/.m2/repository/org/junit/jupiter/junit-jupiter-api/5.8.2/junit-jupiter-api-5.8.2.jar:/home/marcel/.m2/repository/org/opentest4j/opentest4j/1.2.0/opentest4j-1.2.0.jar:/home/marcel/.m2/repository/org/junit/platform/junit-platform-commons/1.8.2/junit-platform-commons-1.8.2.jar:/home/marcel/.m2/repository/org/apiguardian/apiguardian-api/1.1.2/apiguardian-api-1.1.2.jar:/home/marcel/.m2/repository/org/junit/jupiter/junit-jupiter-params/5.8.2/junit-jupiter-params-5.8.2.jar:/home/marcel/.m2/repository/org/junit/jupiter/junit-jupiter-engine/5.8.2/junit-jupiter-engine-5.8.2.jar:/home/marcel/.m2/repository/org/junit/platform/junit-platform-engine/1.8.2/junit-platform-engine-1.8.2.jar:/home/marcel/.m2/repository/com/thoughtworks/xstream/xstream/1.4.19/xstream-1.4.19.jar:/home/marcel/.m2/repository/io/github/x-stream/mxparser/1.2.2/mxparser-1.2.2.jar:/home/marcel/.m2/repository/xmlpull/xmlpull/1.1.3.1/xmlpull-1.1.3.1.jar:/home/marcel/.m2/repository/io/rest-assured/rest-assured/4.4.0/rest-assured-4.4.0.jar:/home/marcel/.m2/repository/org/codehaus/groovy/groovy/3.0.8/groovy-3.0.8.jar:/home/marcel/.m2/repository/org/codehaus/groovy/groovy-xml/3.0.8/groovy-xml-3.0.8.jar:/home/marcel/.m2/repository/org/apache/httpcomponents/httpclient/4.5.13/httpclient-4.5.13.jar:/home/marcel/.m2/repository/org/apache/httpcomponents/httpcore/4.4.15/httpcore-4.4.15.jar:/home/marcel/.m2/repository/commons-codec/commons-codec/1.15/commons-codec-1.15.jar:/home/marcel/.m2/repository/org/apache/httpcomponents/httpmime/4.5.13/httpmime-4.5.13.jar:/home/marcel/.m2/repository/org/hamcrest/hamcrest/2.1/hamcrest-2.1.jar:/home/marcel/.m2/repository/org/ccil/cowan/tagsoup/tagsoup/1.2.1/tagsoup-1.2.1.jar:/home/marcel/.m2/repository/io/rest-assured/json-path/4.4.0/json-path-4.4.0.jar:/home/marcel/.m2/repository/org/codehaus/groovy/groovy-json/3.0.8/groovy-json-3.0.8.jar:/home/marcel/.m2/repository/io/rest-assured/rest-assured-common/4.4.0/rest-assured-common-4.4.0.jar:/home/marcel/.m2/repository/io/rest-assured/xml-path/4.4.0/xml-path-4.4.0.jar:/home/marcel/.m2/repository/org/apache/commons/commons-lang3/3.12.0/commons-lang3-3.12.0.jar:/home/marcel/.m2/repository/jakarta/xml/bind/jakarta.xml.bind-api/2.3.3/jakarta.xml.bind-api-2.3.3.jar:/home/marcel/.m2/repository/com/sun/xml/bind/jaxb-impl/2.3.3/jaxb-impl-2.3.3.jar:"/>
    <property name="sun.cpu.endian" value="little"/>
    <property name="user.home" value="/home/marcel"/>
    <property name="user.language" value="en"/>
    <property name="java.specification.vendor" value="Oracle Corporation"/>
    <property name="io.netty.allocator.maxOrder" value="3"/>
    <property name="java.version.date" value="2021-10-19"/>
    <property name="java.home" value="/usr/lib/jvm/java-17-oracle"/>
    <property name="org.testcontainers.shaded.io.netty.packagePrefix" value="org.testcontainers.shaded."/>
    <property name="file.separator" value="/"/>
    <property name="basedir" value="/home/marcel/Documents/musictech/server"/>
    <property name="java.vm.compressedOopsMode" value="32-bit"/>
    <property name="line.separator" value="&#10;"/>
    <property name="java.specification.name" value="Java Platform API Specification"/>
    <property name="java.vm.specification.vendor" value="Oracle Corporation"/>
    <property name="surefire.real.class.path" value="/home/marcel/Documents/musictech/server/target/surefire/surefirebooter9801496172800683293.jar"/>
    <property name="sun.management.compiler" value="HotSpot 64-Bit Tiered Compilers"/>
    <property name="java.runtime.version" value="17.0.1+12-LTS-39"/>
    <property name="user.name" value="marcel"/>
    <property name="path.separator" value=":"/>
    <property name="os.version" value="5.13.0-35-generic"/>
    <property name="java.runtime.name" value="Java(TM) SE Runtime Environment"/>
    <property name="file.encoding" value="UTF-8"/>
    <property name="java.vm.name" value="Java HotSpot(TM) 64-Bit Server VM"/>
    <property name="localRepository" value="/home/marcel/.m2/repository"/>
    <property name="java.vendor.url.bug" value="https://bugreport.java.com/bugreport/"/>
    <property name="java.io.tmpdir" value="/tmp"/>
    <property name="quarkus.log.file.path" value="target/quarkus.log"/>
    <property name="java.version" value="17.0.1"/>
    <property name="java.util.concurrent.ForkJoinPool.common.threadFactory" value="io.quarkus.bootstrap.forkjoin.QuarkusForkJoinWorkerThreadFactory"/>
    <property name="user.dir" value="/home/marcel/Documents/musictech/server"/>
    <property name="os.arch" value="amd64"/>
    <property name="hibernate.bytecode.provider" value="none"/>
    <property name="java.vm.specification.name" value="Java Virtual Machine Specification"/>
    <property name="vertx.disableDnsResolver" value="true"/>
    <property name="native.encoding" value="UTF-8"/>
    <property name="java.util.logging.manager" value="org.jboss.logmanager.LogManager"/>
    <property name="java.library.path" value="/usr/java/packages/lib:/usr/lib64:/lib64:/lib:/usr/lib"/>
    <property name="java.vm.info" value="mixed mode, sharing"/>
    <property name="java.vendor" value="Oracle Corporation"/>
    <property name="vertx.disableTCCL" value="true"/>
    <property name="java.vm.version" value="17.0.1+12-LTS-39"/>
    <property name="sun.io.unicode.encoding" value="UnicodeLittle"/>
    <property name="io.netty.machineId" value="a1:49:62:9c:dc:a1:3f:fe"/>
    <property name="java.class.version" value="61.0"/>
    <property name="mp.openapi.extensions.smallrye.defaultConsumes" value="application/json"/>
  </properties>
  <testcase name="testHelloEndpoint" classname="at.ac.htl.leonding.GreetingResourceTest" time="0.01">
    <error type="java.lang.RuntimeException"><![CDATA[java.lang.RuntimeException: java.lang.RuntimeException: Failed to start quarkus
Caused by: java.lang.RuntimeException: Failed to start quarkus
Caused by: java.lang.RuntimeException: javax.persistence.PersistenceException: [PersistenceUnit: <default>] Unable to build Hibernate SessionFactory
Caused by: javax.persistence.PersistenceException: [PersistenceUnit: <default>] Unable to build Hibernate SessionFactory
Caused by: org.hibernate.exception.JDBCConnectionException: Unable to open JDBC Connection for DDL execution
Caused by: org.postgresql.util.PSQLException: Connection to 192.168.178.20:5432 refused. Check that the hostname and port are correct and that the postmaster is accepting TCP/IP connections.
Caused by: java.net.ConnectException: Connection refused
]]></error>
    <system-out><![CDATA[2022-03-09 10:22:36,000 INFO  [org.jbo.threads] (main) JBoss Threads version 3.4.2.Final
2022-03-09 10:22:36,863 INFO  [org.tes.doc.DockerClientProviderStrategy] (build-50) Loaded org.testcontainers.dockerclient.UnixSocketClientProviderStrategy from ~/.testcontainers.properties, will try it first
2022-03-09 10:22:37,714 INFO  [org.tes.doc.DockerClientProviderStrategy] (build-50) Found Docker environment with local Unix socket (unix:///var/run/docker.sock)
2022-03-09 10:22:37,716 INFO  [org.tes.DockerClientFactory] (build-50) Docker host IP address is localhost
2022-03-09 10:22:37,832 INFO  [org.tes.DockerClientFactory] (build-50) Connected to docker: 
  Server Version: 20.10.12
  API Version: 1.41
  Operating System: Zorin OS 16.1
  Total Memory: 7841 MB
2022-03-09 10:22:37,854 INFO  [org.tes.uti.ImageNameSubstitutor] (build-50) Image name substitution will be performed by: DefaultImageNameSubstitutor (composite of 'ConfigurationFileImageNameSubstitutor' and 'PrefixingImageNameSubstitutor')
2022-03-09 10:22:37,940 INFO  [org.tes.uti.RegistryAuthLocator] (build-50) Failure when attempting to lookup auth config. Please ignore if you don't have images in an authenticated registry. Details: (dockerImageName: testcontainers/ryuk:0.3.3, configFile: /home/marcel/.docker/config.json. Falling back to docker-java default behaviour. Exception message: No content to map due to end-of-input
 at [Source: /home/marcel/.docker/config.json; line: 1, column: 0]
2022-03-09 10:22:38,830 INFO  [org.tes.DockerClientFactory] (build-50) Ryuk started - will monitor and terminate Testcontainers containers on JVM exit
2022-03-09 10:22:38,830 INFO  [org.tes.DockerClientFactory] (build-50) Checking the system...
2022-03-09 10:22:38,831 INFO  [org.tes.DockerClientFactory] (build-50) ✔︎ Docker server version should be at least 1.6.0
2022-03-09 10:22:38,942 INFO  [org.tes.DockerClientFactory] (build-50) ✔︎ Docker environment should have more than 2GB free disk space
2022-03-09 10:22:38,986 INFO  [🐳 .io/.11.2]] (build-50) Creating container for image: docker.io/vectorized/redpanda:v21.11.2
2022-03-09 10:22:38,986 INFO  [org.tes.uti.RegistryAuthLocator] (build-50) Failure when attempting to lookup auth config. Please ignore if you don't have images in an authenticated registry. Details: (dockerImageName: docker.io/vectorized/redpanda:v21.11.2, configFile: /home/marcel/.docker/config.json. Falling back to docker-java default behaviour. Exception message: No content to map due to end-of-input
 at [Source: /home/marcel/.docker/config.json; line: 1, column: 0]
2022-03-09 10:22:39,131 INFO  [🐳 .io/.11.2]] (build-50) Container docker.io/vectorized/redpanda:v21.11.2 is starting: f429edb8eaa6099aecc9e1f359b9eff382159da7071dd53778ad603fd10af272
2022-03-09 10:22:41,340 INFO  [🐳 .io/.11.2]] (build-50) Container docker.io/vectorized/redpanda:v21.11.2 started in PT2.383650447S
2022-03-09 10:22:41,343 INFO  [io.qua.kaf.cli.dep.DevServicesKafkaProcessor] (build-50) Dev Services for Kafka started. Other Quarkus applications in dev mode will find the broker automatically. For Quarkus applications in production mode, you can connect to this by starting your application with -Dkafka.bootstrap.servers=OUTSIDE://localhost:49154
2022-03-09 10:22:42,693 WARN  [io.agr.pool] (agroal-11) Datasource '<default>': Connection to 192.168.178.20:5432 refused. Check that the hostname and port are correct and that the postmaster is accepting TCP/IP connections.
2022-03-09 10:22:42,694 WARN  [org.hib.eng.jdb.env.int.JdbcEnvironmentInitiator] (JPA Startup Thread: <default>) HHH000342: Could not obtain connection to query metadata: org.postgresql.util.PSQLException: Connection to 192.168.178.20:5432 refused. Check that the hostname and port are correct and that the postmaster is accepting TCP/IP connections.
	at org.postgresql.core.v3.ConnectionFactoryImpl.openConnectionImpl(ConnectionFactoryImpl.java:319)
	at org.postgresql.core.ConnectionFactory.openConnection(ConnectionFactory.java:49)
	at org.postgresql.jdbc.PgConnection.<init>(PgConnection.java:223)
	at org.postgresql.Driver.makeConnection(Driver.java:400)
	at org.postgresql.Driver.connect(Driver.java:259)
	at io.agroal.pool.ConnectionFactory.createConnection(ConnectionFactory.java:210)
	at io.agroal.pool.ConnectionPool$CreateConnectionTask.call(ConnectionPool.java:513)
	at io.agroal.pool.ConnectionPool$CreateConnectionTask.call(ConnectionPool.java:494)
	at java.base/java.util.concurrent.FutureTask.run(FutureTask.java:264)
	at io.agroal.pool.util.PriorityScheduledExecutor.beforeExecute(PriorityScheduledExecutor.java:75)
	at java.base/java.util.concurrent.ThreadPoolExecutor.runWorker(ThreadPoolExecutor.java:1134)
	at java.base/java.util.concurrent.ThreadPoolExecutor$Worker.run(ThreadPoolExecutor.java:635)
	at java.base/java.lang.Thread.run(Thread.java:833)
Caused by: java.net.ConnectException: Connection refused
	at java.base/sun.nio.ch.Net.pollConnect(Native Method)
	at java.base/sun.nio.ch.Net.pollConnectNow(Net.java:672)
	at java.base/sun.nio.ch.NioSocketImpl.timedFinishConnect(NioSocketImpl.java:549)
	at java.base/sun.nio.ch.NioSocketImpl.connect(NioSocketImpl.java:597)
	at java.base/java.net.SocksSocketImpl.connect(SocksSocketImpl.java:327)
	at java.base/java.net.Socket.connect(Socket.java:633)
	at org.postgresql.core.PGStream.createSocket(PGStream.java:241)
	at org.postgresql.core.PGStream.<init>(PGStream.java:98)
	at org.postgresql.core.v3.ConnectionFactoryImpl.tryConnect(ConnectionFactoryImpl.java:109)
	at org.postgresql.core.v3.ConnectionFactoryImpl.openConnectionImpl(ConnectionFactoryImpl.java:235)
	... 12 more

2022-03-09 10:22:42,925 WARN  [io.agr.pool] (agroal-11) Datasource '<default>': Connection to 192.168.178.20:5432 refused. Check that the hostname and port are correct and that the postmaster is accepting TCP/IP connections.
2022-03-09 10:22:42,926 WARN  [org.hib.eng.jdb.spi.SqlExceptionHelper] (JPA Startup Thread: <default>) SQL Error: 0, SQLState: 08001
2022-03-09 10:22:42,926 ERROR [org.hib.eng.jdb.spi.SqlExceptionHelper] (JPA Startup Thread: <default>) Connection to 192.168.178.20:5432 refused. Check that the hostname and port are correct and that the postmaster is accepting TCP/IP connections.
]]></system-out>
  </testcase>
</testsuite>